0 info it worked if it ends with ok
1 verbose cli [ 'C:\\Program Files\\nodejs\\node.exe',
1 verbose cli   'C:\\Users\\MaiBenBen\\AppData\\Roaming\\npm\\node_modules\\cnpm\\node_modules\\npm\\bin\\npm-cli.js',
1 verbose cli   '--userconfig=C:\\Users\\MaiBenBen\\.cnpmrc',
1 verbose cli   '--disturl=https://npm.taobao.org/mirrors/node',
1 verbose cli   '--registry=https://registry.npm.taobao.org',
1 verbose cli   'run',
1 verbose cli   'server' ]
2 info using npm@3.10.10
3 info using node@v6.10.0
4 verbose run-script [ 'preserver', 'server', 'postserver' ]
5 info lifecycle guess@1.0.0~preserver: guess@1.0.0
6 silly lifecycle guess@1.0.0~preserver: no script for preserver, continuing
7 info lifecycle guess@1.0.0~server: guess@1.0.0
8 verbose lifecycle guess@1.0.0~server: unsafe-perm in lifecycle true
9 verbose lifecycle guess@1.0.0~server: PATH: C:\Users\MaiBenBen\AppData\Roaming\npm\node_modules\cnpm\node_modules\npm\bin\node-gyp-bin;C:\Users\MaiBenBen\Desktop\GuessMe\GuessMe-Port\node_modules\.bin;C:\Users\MaiBenBen\bin;D:\Software\Git\mingw64\bin;D:\Software\Git\usr\local\bin;D:\Software\Git\usr\bin;D:\Software\Git\usr\bin;D:\Software\Git\mingw64\bin;D:\Software\Git\usr\bin;C:\Users\MaiBenBen\bin;C:\ProgramData\Oracle\Java\javapath;C:\Program Files (x86)\NVIDIA Corporation\PhysX\Common;C:\Program Files (x86)\Intel\iCLS Client;C:\Program Files\Intel\iCLS Client;C:\WINDOWS\system32;C:\WINDOWS;C:\WINDOWS\System32\Wbem;C:\WINDOWS\System32\WindowsPowerShell\v1.0;C:\Program Files\Intel\Intel(R) Management Engine Components\DAL;C:\Program Files (x86)\Intel\Intel(R) Management Engine Components\DAL;C:\Program Files\Intel\Intel(R) Management Engine Components\IPT;C:\Program Files (x86)\Intel\Intel(R) Management Engine Components\IPT;C:\Program Files\Intel\WiFi\bin;C:\Program Files\Common Files\Intel\WirelessCommon;C:\Program Files\nodejs;D:\Software\JDK\bin;D:\Software\Git\cmd;D:\Software\Ruby\Ruby23-x64\bin;C:\Program Files\Intel\WiFi\bin;C:\Program Files\Common Files\Intel\WirelessCommon;C:\Users\MaiBenBen\AppData\Local\Microsoft\WindowsApps;C:\Users\MaiBenBen\AppData\Roaming\npm;%USERPROFILE%\AppData\Local\Microsoft\WindowsApps;D:\Software\Git\usr\bin\vendor_perl;D:\Software\Git\usr\bin\core_perl
10 verbose lifecycle guess@1.0.0~server: CWD: C:\Users\MaiBenBen\Desktop\GuessMe\GuessMe-Port
11 silly lifecycle guess@1.0.0~server: Args: [ '/d /s /c', 'node build/app.js' ]
12 silly lifecycle guess@1.0.0~server: Returned: code: 1  signal: null
13 info lifecycle guess@1.0.0~server: Failed to exec server script
14 verbose stack Error: guess@1.0.0 server: `node build/app.js`
14 verbose stack Exit status 1
14 verbose stack     at EventEmitter.<anonymous> (C:\Users\MaiBenBen\AppData\Roaming\npm\node_modules\cnpm\node_modules\npm\lib\utils\lifecycle.js:255:16)
14 verbose stack     at emitTwo (events.js:106:13)
14 verbose stack     at EventEmitter.emit (events.js:191:7)
14 verbose stack     at ChildProcess.<anonymous> (C:\Users\MaiBenBen\AppData\Roaming\npm\node_modules\cnpm\node_modules\npm\lib\utils\spawn.js:40:14)
14 verbose stack     at emitTwo (events.js:106:13)
14 verbose stack     at ChildProcess.emit (events.js:191:7)
14 verbose stack     at maybeClose (internal/child_process.js:877:16)
14 verbose stack     at Process.ChildProcess._handle.onexit (internal/child_process.js:226:5)
15 verbose pkgid guess@1.0.0
16 verbose cwd C:\Users\MaiBenBen\Desktop\GuessMe\GuessMe-Port
17 error Windows_NT 10.0.16299
18 error argv "C:\\Program Files\\nodejs\\node.exe" "C:\\Users\\MaiBenBen\\AppData\\Roaming\\npm\\node_modules\\cnpm\\node_modules\\npm\\bin\\npm-cli.js" "--userconfig=C:\\Users\\MaiBenBen\\.cnpmrc" "--disturl=https://npm.taobao.org/mirrors/node" "--registry=https://registry.npm.taobao.org" "run" "server"
19 error node v6.10.0
20 error npm  v3.10.10
21 error code ELIFECYCLE
22 error guess@1.0.0 server: `node build/app.js`
22 error Exit status 1
23 error Failed at the guess@1.0.0 server script 'node build/app.js'.
23 error Make sure you have the latest version of node.js and npm installed.
23 error If you do, this is most likely a problem with the guess package,
23 error not with npm itself.
23 error Tell the author that this fails on your system:
23 error     node build/app.js
23 error You can get information on how to open an issue for this project with:
23 error     npm bugs guess
23 error Or if that isn't available, you can get their info via:
23 error     npm owner ls guess
23 error There is likely additional logging output above.
24 verbose exit [ 1, true ]
